<?xml version="1.0" encoding="utf-8"?><testsuites name="pytest tests"><testsuite name="pytest" errors="0" failures="0" skipped="0" tests="29" time="4.174" timestamp="2026-05-12T11:07:22.233678+00:00" hostname="agent-env-a6bbb2a1-5c83-405f-b7ba-1876928449de"><testcase classname="tests.backend_test.TestHealth" name="test_root" time="0.156" /><testcase classname="tests.backend_test.TestStops" name="test_list_seeded_stops" time="0.048" /><testcase classname="tests.backend_test.TestStops" name="test_create_stop_success" time="0.103" /><testcase classname="tests.backend_test.TestStops" name="test_create_stop_missing_fields" time="0.046" /><testcase classname="tests.backend_test.TestBuses" name="test_seeded_buses" time="0.045" /><testcase classname="tests.backend_test.TestBuses" name="test_get_bus_includes_ordered_stops" time="0.046" /><testcase classname="tests.backend_test.TestBuses" name="test_get_unknown_bus_404" time="0.046" /><testcase classname="tests.backend_test.TestBuses" name="test_create_bus_success" time="0.104" /><testcase classname="tests.backend_test.TestBuses" name="test_create_bus_direction_omitted_defaults_to_null" time="0.101" /><testcase classname="tests.backend_test.TestBuses" name="test_create_bus_empty_direction_stored_as_null" time="0.060" /><testcase classname="tests.backend_test.TestBuses" name="test_create_bus_accepts_new_status_enum[running]" time="0.102" /><testcase classname="tests.backend_test.TestBuses" name="test_create_bus_accepts_new_status_enum[delayed]" time="0.109" /><testcase classname="tests.backend_test.TestBuses" name="test_create_bus_accepts_new_status_enum[arriving]" time="0.107" /><testcase classname="tests.backend_test.TestBuses" name="test_create_bus_accepts_new_status_enum[cancelled]" time="0.110" /><testcase classname="tests.backend_test.TestBuses" name="test_create_bus_same_source_dest_stops_documented_behaviour" time="0.044" /><testcase classname="tests.backend_test.TestBuses" name="test_create_bus_lt_2_stops_returns_400" time="0.048" /><testcase classname="tests.backend_test.TestBuses" name="test_create_bus_unknown_stop_returns_400" time="0.045" /><testcase classname="tests.backend_test.TestBuses" name="test_create_bus_missing_fields" time="0.085" /><testcase classname="tests.backend_test.TestLocationUpdate" name="test_update_location_success" time="0.102" /><testcase classname="tests.backend_test.TestLocationUpdate" name="test_update_location_arriving_status_persists" time="0.182" /><testcase classname="tests.backend_test.TestLocationUpdate" name="test_update_location_unknown_bus_404" time="0.053" /><testcase classname="tests.backend_test.TestLocationUpdate" name="test_update_location_missing_coords" time="0.045" /><testcase classname="tests.backend_test.TestRouteSearch" name="test_search_valid" time="0.063" /><testcase classname="tests.backend_test.TestRouteSearch" name="test_search_reverse_direction_excludes_bus" time="0.050" /><testcase classname="tests.backend_test.TestRouteSearch" name="test_search_unknown_origin" time="0.044" /><testcase classname="tests.backend_test.TestRouteSearch" name="test_search_missing_fields" time="0.043" /><testcase classname="tests.backend_test.TestEtaPenalty" name="test_status_eta_boost" time="0.313" /><testcase classname="tests.backend_test.TestSocketIO" name="test_bus_location_event" time="0.794" /><testcase classname="tests.backend_test.TestSocketIO" name="test_bus_added_event" time="0.830" /></testsuite></testsuites>