<?xml version="1.0" encoding="utf-8"?><testsuites name="pytest tests"><testsuite name="pytest" errors="0" failures="0" skipped="0" tests="20" time="3.281" timestamp="2026-05-12T10:48:48.560622+00:00" hostname="agent-env-a6bbb2a1-5c83-405f-b7ba-1876928449de"><testcase classname="backend.tests.backend_test.TestHealth" name="test_root" time="0.224" /><testcase classname="backend.tests.backend_test.TestStops" name="test_list_seeded_stops" time="0.052" /><testcase classname="backend.tests.backend_test.TestStops" name="test_create_stop_success" time="0.110" /><testcase classname="backend.tests.backend_test.TestStops" name="test_create_stop_missing_fields" time="0.056" /><testcase classname="backend.tests.backend_test.TestBuses" name="test_seeded_buses" time="0.049" /><testcase classname="backend.tests.backend_test.TestBuses" name="test_get_bus_includes_ordered_stops" time="0.054" /><testcase classname="backend.tests.backend_test.TestBuses" name="test_get_unknown_bus_404" time="0.051" /><testcase classname="backend.tests.backend_test.TestBuses" name="test_create_bus_success" time="0.115" /><testcase classname="backend.tests.backend_test.TestBuses" name="test_create_bus_lt_2_stops_returns_400" time="0.052" /><testcase classname="backend.tests.backend_test.TestBuses" name="test_create_bus_unknown_stop_returns_400" time="0.050" /><testcase classname="backend.tests.backend_test.TestBuses" name="test_create_bus_missing_fields" time="0.049" /><testcase classname="backend.tests.backend_test.TestLocationUpdate" name="test_update_location_success" time="0.124" /><testcase classname="backend.tests.backend_test.TestLocationUpdate" name="test_update_location_unknown_bus_404" time="0.051" /><testcase classname="backend.tests.backend_test.TestLocationUpdate" name="test_update_location_missing_coords" time="0.051" /><testcase classname="backend.tests.backend_test.TestRouteSearch" name="test_search_valid" time="0.058" /><testcase classname="backend.tests.backend_test.TestRouteSearch" name="test_search_reverse_direction_excludes_bus" time="0.094" /><testcase classname="backend.tests.backend_test.TestRouteSearch" name="test_search_unknown_origin" time="0.051" /><testcase classname="backend.tests.backend_test.TestRouteSearch" name="test_search_missing_fields" time="0.049" /><testcase classname="backend.tests.backend_test.TestSocketIO" name="test_bus_location_event" time="0.859" /><testcase classname="backend.tests.backend_test.TestSocketIO" name="test_bus_added_event" time="0.847" /></testsuite></testsuites>